TN:
SF:src\js\task.js
FN:6,(anonymous_0)
FN:13,(anonymous_1)
FN:17,(anonymous_2)
FN:22,(anonymous_3)
FN:43,(anonymous_4)
FN:47,(anonymous_5)
FN:53,(anonymous_6)
FN:57,(anonymous_7)
FN:78,(anonymous_8)
FN:84,(anonymous_9)
FN:91,(anonymous_10)
FN:98,(anonymous_11)
FN:102,(anonymous_12)
FN:109,(anonymous_13)
FN:110,(anonymous_14)
FN:111,(anonymous_15)
FNF:16
FNH:5
FNDA:12,(anonymous_0)
FNDA:6,(anonymous_1)
FNDA:0,(anonymous_2)
FNDA:0,(anonymous_3)
FNDA:0,(anonymous_4)
FNDA:0,(anonymous_5)
FNDA:0,(anonymous_6)
FNDA:0,(anonymous_7)
FNDA:12,(anonymous_8)
FNDA:2,(anonymous_9)
FNDA:2,(anonymous_10)
FNDA:0,(anonymous_11)
FNDA:0,(anonymous_12)
FNDA:0,(anonymous_13)
FNDA:0,(anonymous_14)
FNDA:0,(anonymous_15)
DA:7,12
DA:8,12
DA:9,12
DA:14,6
DA:17,6
DA:18,0
DA:19,0
DA:20,0
DA:22,0
DA:23,0
DA:24,0
DA:25,0
DA:26,0
DA:27,0
DA:28,0
DA:29,0
DA:30,0
DA:31,0
DA:32,0
DA:33,0
DA:34,0
DA:35,0
DA:36,0
DA:37,0
DA:38,0
DA:39,0
DA:40,0
DA:41,0
DA:43,0
DA:44,0
DA:45,0
DA:47,0
DA:48,0
DA:49,0
DA:53,0
DA:54,0
DA:55,0
DA:57,0
DA:58,0
DA:59,0
DA:60,0
DA:62,0
DA:64,0
DA:66,0
DA:67,0
DA:68,0
DA:69,0
DA:70,0
DA:71,0
DA:72,0
DA:73,0
DA:78,6
DA:79,12
DA:80,12
DA:85,2
DA:86,2
DA:87,1
DA:89,1
DA:91,2
DA:92,2
DA:99,0
DA:100,0
DA:102,0
DA:103,0
DA:105,0
DA:106,0
DA:109,6
DA:110,0
DA:111,0
DA:112,0
DA:114,0
DA:115,0
LF:72
LH:15
BRDA:6,0,0,0
BRDA:19,1,0,0
BRDA:19,1,1,0
BRDA:59,2,0,0
BRDA:59,2,1,0
BRDA:66,3,0,0
BRDA:66,3,1,0
BRDA:70,4,0,0
BRDA:70,4,1,0
BRDA:86,5,0,1
BRDA:86,5,1,1
BRDA:99,6,0,0
BRDA:99,6,1,0
BRF:13
BRH:2
end_of_record
TN:
SF:src\js\taskstatus.js
FN:2,(anonymous_0)
FN:6,(anonymous_1)
FN:10,(anonymous_2)
FNF:3
FNH:0
FNDA:0,(anonymous_0)
FNDA:0,(anonymous_1)
FNDA:0,(anonymous_2)
DA:3,0
DA:6,0
DA:7,0
DA:10,0
DA:11,0
LF:5
LH:0
BRF:0
BRH:0
end_of_record
